<?xml version="1.0" encoding="UTF-8"?>
<!-- Generated by org.testng.reporters.JUnitReportReporter -->
<testsuite hostname="DESKTOP-615M46O" failures="0" tests="1" name="Runner.Meesho" time="1.216" errors="0" timestamp="22 Oct 2024 11:23:30 GMT" skipped="1">
  <testcase classname="Runner.Meesho" name="runScenario" time="1.216">
    <skipped/>
  </testcase> <!-- runScenario -->
</testsuite> <!-- Runner.Meesho -->
