<?xml version="1.0" encoding="UTF-8"?>
<!-- Generated by org.testng.reporters.JUnitReportReporter -->
<testsuite hostname="DESKTOP-615M46O" failures="0" tests="2" name="Runner.LoginRunner" time="0.966" errors="0" timestamp="22 Oct 2024 10:23:02 GMT" skipped="2">
  <testcase classname="Runner.LoginRunner" name="runScenario" time="0.885">
    <skipped/>
  </testcase> <!-- runScenario -->
  <testcase classname="Runner.LoginRunner" name="runScenario" time="0.081">
    <skipped/>
  </testcase> <!-- runScenario -->
</testsuite> <!-- Runner.LoginRunner -->
